<?xml version="1.0" encoding="UTF-8"?>
<!-- Generated by org.testng.reporters.JUnitReportReporter -->
<testsuite skipped="0" hostname="LAPTOP-TG5JMIAG" name="com.framework.selenium.scroll.ScrollByPage" tests="1" failures="0" timestamp="21 Sep 2020 14:11:50 GMT" time="21.665" errors="0">
  <testcase name="scrollThePage" time="21.665" classname="com.framework.selenium.scroll.ScrollByPage"/>
</testsuite> <!-- com.framework.selenium.scroll.ScrollByPage -->
