<?xml version="1.0" encoding="UTF-8"?>
<!-- Generated by org.testng.reporters.JUnitReportReporter -->
<testsuite skipped="0" hostname="LAPTOP-TG5JMIAG" name="com.framework.selenium.SeleniumProject.CreateDataDrivenFramework" tests="3" failures="0" timestamp="19 Sep 2020 05:50:40 GMT" time="16.019" errors="0">
  <testcase name="loginToFlight" time="5.297" classname="com.framework.selenium.SeleniumProject.CreateDataDrivenFramework"/>
  <testcase name="loginToFlight" time="5.002" classname="com.framework.selenium.SeleniumProject.CreateDataDrivenFramework"/>
  <testcase name="loginToFlight" time="5.720" classname="com.framework.selenium.SeleniumProject.CreateDataDrivenFramework"/>
</testsuite> <!-- com.framework.selenium.SeleniumProject.CreateDataDrivenFramework -->
